[debug] [2023-08-29T09:35:01.664Z] ----------------------------------------------------------------------
[debug] [2023-08-29T09:35:01.667Z] Command:       C:\Program Files\nodejs\node.exe C:\Users\prose\AppData\Roaming\npm\node_modules\firebase-tools\lib\bin\firebase.js init
[debug] [2023-08-29T09:35:01.668Z] CLI Version:   11.16.1
[debug] [2023-08-29T09:35:01.669Z] Platform:      win32
[debug] [2023-08-29T09:35:01.669Z] Node Version:  v16.15.1
[debug] [2023-08-29T09:35:01.671Z] Time:          Tue Aug 29 2023 15:35:01 GMT+0600 (Bangladesh Standard Time)
[debug] [2023-08-29T09:35:01.671Z] ----------------------------------------------------------------------
[debug] 
[debug] [2023-08-29T09:35:01.678Z] >>> [apiv2][query] GET https://firebase-public.firebaseio.com/cli.json [none]
[debug] [2023-08-29T09:35:01.847Z] > command requires scopes: ["email","openid","https://www.googleapis.com/auth/cloudplatformprojects.readonly","https://www.googleapis.com/auth/firebase","https://www.googleapis.com/auth/cloud-platform"]
[debug] [2023-08-29T09:35:01.848Z] > authorizing via signed-in user (prosenjitpappu03455@gmail.com)
[info] 
     ######## #### ########  ######## ########     ###     ######  ########
     ##        ##  ##     ## ##       ##     ##  ##   ##  ##       ##
     ######    ##  ########  ######   ########  #########  ######  ######
     ##        ##  ##    ##  ##       ##     ## ##     ##       ## ##
     ##       #### ##     ## ######## ########  ##     ##  ######  ########

You're about to initialize a Firebase project in this directory:

  C:\projects\my-books

Before we get started, keep in mind:

  * You are currently outside your home directory
  * You are initializing within an existing Firebase project directory

[debug] [2023-08-29T09:35:02.643Z] <<< [apiv2][status] GET https://firebase-public.firebaseio.com/cli.json 200
[debug] [2023-08-29T09:35:02.643Z] <<< [apiv2][body] GET https://firebase-public.firebaseio.com/cli.json {"cloudBuildErrorAfter":1594252800000,"cloudBuildWarnAfter":1590019200000,"defaultNode10After":1594252800000,"minVersion":"3.0.5","node8DeploysDisabledAfter":1613390400000,"node8RuntimeDisabledAfter":1615809600000,"node8WarnAfter":1600128000000}
[info] 
=== Project Setup
[info] 
[info] First, let's associate this project directory with a Firebase project.
[info] You can create multiple project aliases by running firebase use --add, 
[info] but for now we'll just set up a default project.
[info] 
[debug] [2023-08-29T09:37:14.432Z] Using project from CLI flag: used-books-a00e1
[debug] [2023-08-29T09:37:14.433Z] > refreshing access token with scopes: []
[debug] [2023-08-29T09:37:14.436Z] >>> [apiv2][query] POST https://www.googleapis.com/oauth2/v3/token [none]
[debug] [2023-08-29T09:37:14.436Z] >>> [apiv2][body] POST https://www.googleapis.com/oauth2/v3/token [omitted]
[debug] [2023-08-29T09:37:14.683Z] <<< [apiv2][status] POST https://www.googleapis.com/oauth2/v3/token 400
[debug] [2023-08-29T09:37:14.683Z] <<< [apiv2][body] POST https://www.googleapis.com/oauth2/v3/token [omitted]
[debug] [2023-08-29T09:37:14.684Z] >>> [apiv2][query] GET https://firebase.googleapis.com/v1beta1/projects/used-books-a00e1 [none]
[debug] [2023-08-29T09:37:14.949Z] <<< [apiv2][status] GET https://firebase.googleapis.com/v1beta1/projects/used-books-a00e1 401
[debug] [2023-08-29T09:37:14.950Z] <<< [apiv2][body] GET https://firebase.googleapis.com/v1beta1/projects/used-books-a00e1 {"error":{"code":401,"message":"Request had invalid authentication credentials. Expected OAuth 2 access token, login cookie or other valid authentication credential. See https://developers.google.com/identity/sign-in/web/devconsole-project.","status":"UNAUTHENTICATED"}}
[debug] [2023-08-29T09:37:14.951Z] HTTP Error: 401, Request had invalid authentication credentials. Expected OAuth 2 access token, login cookie or other valid authentication credential. See https://developers.google.com/identity/sign-in/web/devconsole-project.
[debug] [2023-08-29T09:37:15.186Z] FirebaseError: HTTP Error: 401, Request had invalid authentication credentials. Expected OAuth 2 access token, login cookie or other valid authentication credential. See https://developers.google.com/identity/sign-in/web/devconsole-project.
    at responseToError (C:\Users\prose\AppData\Roaming\npm\node_modules\firebase-tools\lib\responseToError.js:49:12)
    at RetryOperation._fn (C:\Users\prose\AppData\Roaming\npm\node_modules\firebase-tools\lib\apiv2.js:288:77)
    at processTicksAndRejections (node:internal/process/task_queues:96:5)
[error] 
[error] Error: Failed to get Firebase project used-books-a00e1. Please make sure the project exists and your account has permission to access it.
